# JRE version: OpenJDK Runtime Environment (8.0_482-b08) (build 1.8.0_482-b08)
# Java VM: OpenJDK 64-Bit Server VM (25.482-b08 mixed mode windows-amd64 compressed oops)
Heap:
 PSYoungGen      total 139776K, used 71002K [0x000000076c900000, 0x0000000775c00000, 0x00000007c0000000)
  eden space 129024K, 55% used [0x000000076c900000,0x0000000770e569a0,0x0000000774700000)
  from space 10752K, 0% used [0x0000000774700000,0x0000000774700000,0x0000000775180000)
  to   space 10752K, 0% used [0x0000000775180000,0x0000000775180000,0x0000000775c00000)
 ParOldGen       total 101376K, used 9483K [0x00000006c5a00000, 0x00000006cbd00000, 0x000000076c900000)
  object space 101376K, 9% used [0x00000006c5a00000,0x00000006c6342fa0,0x00000006cbd00000)
 Metaspace       used 27090K, capacity 27964K, committed 28288K, reserved 1073152K
  class space    used 3339K, capacity 3593K, committed 3712K, reserved 1048576K
GC Heap History (8 events):
Event: 0.787 GC heap before
{Heap before GC invocations=1 (full 0):
 PSYoungGen      total 75264K, used 64512K [0x000000076c900000, 0x0000000771d00000, 0x00000007c0000000)
  eden space 64512K, 100% used [0x000000076c900000,0x0000000770800000,0x0000000770800000)
  from space 10752K, 0% used [0x0000000771280000,0x0000000771280000,0x0000000771d00000)
  to   space 10752K, 0% used [0x0000000770800000,0x0000000770800000,0x0000000771280000)
 ParOldGen       total 172032K, used 0K [0x00000006c5a00000, 0x00000006d0200000, 0x000000076c900000)
  object space 172032K, 0% used [0x00000006c5a00000,0x00000006c5a00000,0x00000006d0200000)
 Metaspace       used 12343K, capacity 12688K, committed 12928K, reserved 1060864K
  class space    used 1514K, capacity 1644K, committed 1664K, reserved 1048576K
Event: 0.798 GC heap after
Heap after GC invocations=1 (full 0):
 PSYoungGen      total 75264K, used 10249K [0x000000076c900000, 0x0000000775c00000, 0x00000007c0000000)
  eden space 64512K, 0% used [0x000000076c900000,0x000000076c900000,0x0000000770800000)
  from space 10752K, 95% used [0x0000000770800000,0x0000000771202518,0x0000000771280000)
  to   space 10752K, 0% used [0x0000000775180000,0x0000000775180000,0x0000000775c00000)
 ParOldGen       total 172032K, used 16K [0x00000006c5a00000, 0x00000006d0200000, 0x000000076c900000)
  object space 172032K, 0% used [0x00000006c5a00000,0x00000006c5a04000,0x00000006d0200000)
 Metaspace       used 12343K, capacity 12688K, committed 12928K, reserved 1060864K
  class space    used 1514K, capacity 1644K, committed 1664K, reserved 1048576K
}
Event: 1.604 GC heap before
{Heap before GC invocations=2 (full 0):
 PSYoungGen      total 75264K, used 74761K [0x000000076c900000, 0x0000000775c00000, 0x00000007c0000000)
  eden space 64512K, 100% used [0x000000076c900000,0x0000000770800000,0x0000000770800000)
  from space 10752K, 95% used [0x0000000770800000,0x0000000771202518,0x0000000771280000)
  to   space 10752K, 0% used [0x0000000775180000,0x0000000775180000,0x0000000775c00000)
 ParOldGen       total 172032K, used 16K [0x00000006c5a00000, 0x00000006d0200000, 0x000000076c900000)
  object space 172032K, 0% used [0x00000006c5a00000,0x00000006c5a04000,0x00000006d0200000)
 Metaspace       used 19050K, capacity 19696K, committed 19840K, reserved 1067008K
  class space    used 2369K, capacity 2572K, committed 2688K, reserved 1048576K
Event: 1.616 GC heap after
Heap after GC invocations=2 (full 0):
 PSYoungGen      total 139776K, used 10736K [0x000000076c900000, 0x0000000775c00000, 0x00000007c0000000)
  eden space 129024K, 0% used [0x000000076c900000,0x000000076c900000,0x0000000774700000)
  from space 10752K, 99% used [0x0000000775180000,0x0000000775bfc3e0,0x0000000775c00000)
  to   space 10752K, 0% used [0x0000000774700000,0x0000000774700000,0x0000000775180000)
 ParOldGen       total 172032K, used 2220K [0x00000006c5a00000, 0x00000006d0200000, 0x000000076c900000)
  object space 172032K, 1% used [0x00000006c5a00000,0x00000006c5c2b290,0x00000006d0200000)
 Metaspace       used 19050K, capacity 19696K, committed 19840K, reserved 1067008K
  class space    used 2369K, capacity 2572K, committed 2688K, reserved 1048576K
}
Event: 1.739 GC heap before
{Heap before GC invocations=3 (full 0):
 PSYoungGen      total 139776K, used 23354K [0x000000076c900000, 0x0000000775c00000, 0x00000007c0000000)
  eden space 129024K, 9% used [0x000000076c900000,0x000000076d552690,0x0000000774700000)
  from space 10752K, 99% used [0x0000000775180000,0x0000000775bfc3e0,0x0000000775c00000)
  to   space 10752K, 0% used [0x0000000774700000,0x0000000774700000,0x0000000775180000)
 ParOldGen       total 172032K, used 2220K [0x00000006c5a00000, 0x00000006d0200000, 0x000000076c900000)
  object space 172032K, 1% used [0x00000006c5a00000,0x00000006c5c2b290,0x00000006d0200000)
 Metaspace       used 20483K, capacity 21200K, committed 21248K, reserved 1067008K
  class space    used 2532K, capacity 2786K, committed 2816K, reserved 1048576K
Event: 1.745 GC heap after
Heap after GC invocations=3 (full 0):
 PSYoungGen      total 139776K, used 9840K [0x000000076c900000, 0x0000000775c00000, 0x00000007c0000000)
  eden space 129024K, 0% used [0x000000076c900000,0x000000076c900000,0x0000000774700000)
  from space 10752K, 91% used [0x0000000774700000,0x000000077509c220,0x0000000775180000)
  to   space 10752K, 0% used [0x0000000775180000,0x0000000775180000,0x0000000775c00000)
 ParOldGen       total 172032K, used 2236K [0x00000006c5a00000, 0x00000006d0200000, 0x000000076c900000)
  object space 172032K, 1% used [0x00000006c5a00000,0x00000006c5c2f290,0x00000006d0200000)
 Metaspace       used 20483K, capacity 21200K, committed 21248K, reserved 1067008K
  class space    used 2532K, capacity 2786K, committed 2816K, reserved 1048576K
}
Event: 1.745 GC heap before
{Heap before GC invocations=4 (full 1):
 PSYoungGen      total 139776K, used 9840K [0x000000076c900000, 0x0000000775c00000, 0x00000007c0000000)
  eden space 129024K, 0% used [0x000000076c900000,0x000000076c900000,0x0000000774700000)
  from space 10752K, 91% used [0x0000000774700000,0x000000077509c220,0x0000000775180000)
  to   space 10752K, 0% used [0x0000000775180000,0x0000000775180000,0x0000000775c00000)
 ParOldGen       total 172032K, used 2236K [0x00000006c5a00000, 0x00000006d0200000, 0x000000076c900000)
  object space 172032K, 1% used [0x00000006c5a00000,0x00000006c5c2f290,0x00000006d0200000)
 Metaspace       used 20483K, capacity 21200K, committed 21248K, reserved 1067008K
  class space    used 2532K, capacity 2786K, committed 2816K, reserved 1048576K
Event: 1.772 GC heap after
Heap after GC invocations=4 (full 1):
 PSYoungGen      total 139776K, used 0K [0x000000076c900000, 0x0000000775c00000, 0x00000007c0000000)
  eden space 129024K, 0% used [0x000000076c900000,0x000000076c900000,0x0000000774700000)
  from space 10752K, 0% used [0x0000000774700000,0x0000000774700000,0x0000000775180000)
  to   space 10752K, 0% used [0x0000000775180000,0x0000000775180000,0x0000000775c00000)
 ParOldGen       total 101376K, used 9483K [0x00000006c5a00000, 0x00000006cbd00000, 0x000000076c900000)
  object space 101376K, 9% used [0x00000006c5a00000,0x00000006c6342fa0,0x00000006cbd00000)
 Metaspace       used 20455K, capacity 21140K, committed 21248K, reserved 1067008K
  class space    used 2521K, capacity 2768K, committed 2816K, reserved 1048576K
}

